# JRE version: Java(TM) SE Runtime Environment (8.0_40-b27) (build 1.8.0_40-b27)
# Java VM: Java HotSpot(TM) 64-Bit Server VM (25.40-b25 mixed mode bsd-amd64 compressed oops)
Heap:
 PSYoungGen      total 26112K, used 896K [0x0000000795580000, 0x0000000797280000, 0x00000007c0000000)
  eden space 25600K, 3% used [0x0000000795580000,0x00000007956400e8,0x0000000796e80000)
  from space 512K, 25% used [0x0000000796f00000,0x0000000796f20000,0x0000000796f80000)
  to   space 2048K, 0% used [0x0000000797080000,0x0000000797080000,0x0000000797280000)
 ParOldGen       total 87552K, used 1708K [0x0000000740000000, 0x0000000745580000, 0x0000000795580000)
  object space 87552K, 1% used [0x0000000740000000,0x00000007401ab0e0,0x0000000745580000)
 Metaspace       used 7339K, capacity 7516K, committed 7680K, reserved 1056768K
  class space    used 842K, capacity 930K, committed 1024K, reserved 1048576K
GC Heap History (10 events):
Event: 271.618 GC heap before
{Heap before GC invocations=15 (full 0):
 PSYoungGen      total 30208K, used 28288K [0x0000000795580000, 0x0000000797600000, 0x00000007c0000000)
  eden space 28160K, 100% used [0x0000000795580000,0x0000000797100000,0x0000000797100000)
  from space 2048K, 6% used [0x0000000797400000,0x0000000797420000,0x0000000797600000)
  to   space 2560K, 0% used [0x0000000797100000,0x0000000797100000,0x0000000797380000)
 ParOldGen       total 87552K, used 1644K [0x0000000740000000, 0x0000000745580000, 0x0000000795580000)
  object space 87552K, 1% used [0x0000000740000000,0x000000074019b0e0,0x0000000745580000)
 Metaspace       used 7295K, capacity 7452K, committed 7680K, reserved 1056768K
  class space    used 839K, capacity 930K, committed 1024K, reserved 1048576K
Event: 271.619 GC heap after
Heap after GC invocations=15 (full 0):
 PSYoungGen      total 28160K, used 128K [0x0000000795580000, 0x0000000797580000, 0x00000007c0000000)
  eden space 27648K, 0% used [0x0000000795580000,0x0000000795580000,0x0000000797080000)
  from space 512K, 25% used [0x0000000797100000,0x0000000797120000,0x0000000797180000)
  to   space 2560K, 0% used [0x0000000797300000,0x0000000797300000,0x0000000797580000)
 ParOldGen       total 87552K, used 1676K [0x0000000740000000, 0x0000000745580000, 0x0000000795580000)
  object space 87552K, 1% used [0x0000000740000000,0x00000007401a30e0,0x0000000745580000)
 Metaspace       used 7295K, capacity 7452K, committed 7680K, reserved 1056768K
  class space    used 839K, capacity 930K, committed 1024K, reserved 1048576K
}
Event: 287.362 GC heap before
{Heap before GC invocations=16 (full 0):
 PSYoungGen      total 28160K, used 27776K [0x0000000795580000, 0x0000000797580000, 0x00000007c0000000)
  eden space 27648K, 100% used [0x0000000795580000,0x0000000797080000,0x0000000797080000)
  from space 512K, 25% used [0x0000000797100000,0x0000000797120000,0x0000000797180000)
  to   space 2560K, 0% used [0x0000000797300000,0x0000000797300000,0x0000000797580000)
 ParOldGen       total 87552K, used 1676K [0x0000000740000000, 0x0000000745580000, 0x0000000795580000)
  object space 87552K, 1% used [0x0000000740000000,0x00000007401a30e0,0x0000000745580000)
 Metaspace       used 7295K, capacity 7452K, committed 7680K, reserved 1056768K
  class space    used 839K, capacity 930K, committed 1024K, reserved 1048576K
Event: 287.362 GC heap after
Heap after GC invocations=16 (full 0):
 PSYoungGen      total 29184K, used 64K [0x0000000795580000, 0x0000000797500000, 0x00000007c0000000)
  eden space 27136K, 0% used [0x0000000795580000,0x0000000795580000,0x0000000797000000)
  from space 2048K, 3% used [0x0000000797300000,0x0000000797310000,0x0000000797500000)
  to   space 2560K, 0% used [0x0000000797000000,0x0000000797000000,0x0000000797280000)
 ParOldGen       total 87552K, used 1684K [0x0000000740000000, 0x0000000745580000, 0x0000000795580000)
  object space 87552K, 1% used [0x0000000740000000,0x00000007401a50e0,0x0000000745580000)
 Metaspace       used 7295K, capacity 7452K, committed 7680K, reserved 1056768K
  class space    used 839K, capacity 930K, committed 1024K, reserved 1048576K
}
Event: 302.811 GC heap before
{Heap before GC invocations=17 (full 0):
 PSYoungGen      total 29184K, used 27200K [0x0000000795580000, 0x0000000797500000, 0x00000007c0000000)
  eden space 27136K, 100% used [0x0000000795580000,0x0000000797000000,0x0000000797000000)
  from space 2048K, 3% used [0x0000000797300000,0x0000000797310000,0x0000000797500000)
  to   space 2560K, 0% used [0x0000000797000000,0x0000000797000000,0x0000000797280000)
 ParOldGen       total 87552K, used 1684K [0x0000000740000000, 0x0000000745580000, 0x0000000795580000)
  object space 87552K, 1% used [0x0000000740000000,0x00000007401a50e0,0x0000000745580000)
 Metaspace       used 7295K, capacity 7452K, committed 7680K, reserved 1056768K
  class space    used 839K, capacity 930K, committed 1024K, reserved 1048576K
Event: 302.811 GC heap after
Heap after GC invocations=17 (full 0):
 PSYoungGen      total 27136K, used 128K [0x0000000795580000, 0x0000000797480000, 0x00000007c0000000)
  eden space 26624K, 0% used [0x0000000795580000,0x0000000795580000,0x0000000796f80000)
  from space 512K, 25% used [0x0000000797000000,0x0000000797020000,0x0000000797080000)
  to   space 2560K, 0% used [0x0000000797200000,0x0000000797200000,0x0000000797480000)
 ParOldGen       total 87552K, used 1692K [0x0000000740000000, 0x0000000745580000, 0x0000000795580000)
  object space 87552K, 1% used [0x0000000740000000,0x00000007401a70e0,0x0000000745580000)
 Metaspace       used 7295K, capacity 7452K, committed 7680K, reserved 1056768K
  class space    used 839K, capacity 930K, committed 1024K, reserved 1048576K
}
Event: 317.963 GC heap before
{Heap before GC invocations=18 (full 0):
 PSYoungGen      total 27136K, used 26752K [0x0000000795580000, 0x0000000797480000, 0x00000007c0000000)
  eden space 26624K, 100% used [0x0000000795580000,0x0000000796f80000,0x0000000796f80000)
  from space 512K, 25% used [0x0000000797000000,0x0000000797020000,0x0000000797080000)
  to   space 2560K, 0% used [0x0000000797200000,0x0000000797200000,0x0000000797480000)
 ParOldGen       total 87552K, used 1692K [0x0000000740000000, 0x0000000745580000, 0x0000000795580000)
  object space 87552K, 1% used [0x0000000740000000,0x00000007401a70e0,0x0000000745580000)
 Metaspace       used 7295K, capacity 7452K, committed 7680K, reserved 1056768K
  class space    used 839K, capacity 930K, committed 1024K, reserved 1048576K
Event: 317.964 GC heap after
Heap after GC invocations=18 (full 0):
 PSYoungGen      total 27136K, used 64K [0x0000000795580000, 0x0000000797300000, 0x00000007c0000000)
  eden space 26112K, 0% used [0x0000000795580000,0x0000000795580000,0x0000000796f00000)
  from space 1024K, 6% used [0x0000000797200000,0x0000000797210000,0x0000000797300000)
  to   space 2048K, 0% used [0x0000000796f00000,0x0000000796f00000,0x0000000797100000)
 ParOldGen       total 87552K, used 1700K [0x0000000740000000, 0x0000000745580000, 0x0000000795580000)
  object space 87552K, 1% used [0x0000000740000000,0x00000007401a90e0,0x0000000745580000)
 Metaspace       used 7295K, capacity 7452K, committed 7680K, reserved 1056768K
  class space    used 839K, capacity 930K, committed 1024K, reserved 1048576K
}
Event: 332.818 GC heap before
{Heap before GC invocations=19 (full 0):
 PSYoungGen      total 27136K, used 26176K [0x0000000795580000, 0x0000000797300000, 0x00000007c0000000)
  eden space 26112K, 100% used [0x0000000795580000,0x0000000796f00000,0x0000000796f00000)
  from space 1024K, 6% used [0x0000000797200000,0x0000000797210000,0x0000000797300000)
  to   space 2048K, 0% used [0x0000000796f00000,0x0000000796f00000,0x0000000797100000)
 ParOldGen       total 87552K, used 1700K [0x0000000740000000, 0x0000000745580000, 0x0000000795580000)
  object space 87552K, 1% used [0x0000000740000000,0x00000007401a90e0,0x0000000745580000)
 Metaspace       used 7295K, capacity 7452K, committed 7680K, reserved 1056768K
  class space    used 839K, capacity 930K, committed 1024K, reserved 1048576K
Event: 332.818 GC heap after
Heap after GC invocations=19 (full 0):
 PSYoungGen      total 26112K, used 128K [0x0000000795580000, 0x0000000797280000, 0x00000007c0000000)
  eden space 25600K, 0% used [0x0000000795580000,0x0000000795580000,0x0000000796e80000)
  from space 512K, 25% used [0x0000000796f00000,0x0000000796f20000,0x0000000796f80000)
  to   space 2048K, 0% used [0x0000000797080000,0x0000000797080000,0x0000000797280000)
 ParOldGen       total 87552K, used 1708K [0x0000000740000000, 0x0000000745580000, 0x0000000795580000)
  object space 87552K, 1% used [0x0000000740000000,0x00000007401ab0e0,0x0000000745580000)
 Metaspace       used 7295K, capacity 7452K, committed 7680K, reserved 1056768K
  class space    used 839K, capacity 930K, committed 1024K, reserved 1048576K
}

